<?xml version="1.0" encoding="UTF-8"?>
<!-- Generated by org.testng.reporters.JUnitReportReporter -->
<testsuite hostname="DESKTOP-5NIOMS0" name="com.crm.qa.testcases.HomePageTest" tests="1" failures="0" timestamp="4 Aug 2020 22:51:11 GMT" time="9.127" errors="0">
  <testcase name="HomePageTitleTest" time="9.127" classname="com.crm.qa.testcases.HomePageTest"/>
</testsuite> <!-- com.crm.qa.testcases.HomePageTest -->
